
-------------------------------------------------------------------------------
   ROBOCOPY     ::     Robust File Copy for Windows                              
-------------------------------------------------------------------------------

  Started : Tuesday, 28 August 2018 4:57:27 PM
   Source : C:\Projects\Diversify.Umbraco.Web\packages\UmbracoCms.7.12.1\UmbracoFiles\Umbraco\
     Dest : C:\Projects\Diversify.Umbraco.Web\Diversify.Umbraco.Web\Umbraco\

    Files : *.*
	    
Exc Files : UI.xml
	    
  Options : *.* /S /E /DCOPY:DA /COPY:DAT /IS /IT /R:1000000 /W:30 

------------------------------------------------------------------------------

	                  10	C:\Projects\Diversify.Umbraco.Web\packages\UmbracoCms.7.12.1\UmbracoFiles\Umbraco\
	                   4	C:\Projects\Diversify.Umbraco.Web\packages\UmbracoCms.7.12.1\UmbracoFiles\Umbraco\Actions\
	                   0	C:\Projects\Diversify.Umbraco.Web\packages\UmbracoCms.7.12.1\UmbracoFiles\Umbraco\assets\
	                   4	C:\Projects\Diversify.Umbraco.Web\packages\UmbracoCms.7.12.1\UmbracoFiles\Umbraco\assets\css\
	                   0	C:\Projects\Diversify.Umbraco.Web\packages\UmbracoCms.7.12.1\UmbracoFiles\Umbraco\assets\fonts\
	                   4	C:\Projects\Diversify.Umbraco.Web\packages\UmbracoCms.7.12.1\UmbracoFiles\Umbraco\assets\fonts\helveticons\
	                  32	C:\Projects\Diversify.Umbraco.Web\packages\UmbracoCms.7.12.1\UmbracoFiles\Umbraco\assets\fonts\lato\
	                   9	C:\Projects\Diversify.Umbraco.Web\packages\UmbracoCms.7.12.1\UmbracoFiles\Umbraco\assets\fonts\opensans\
	                   7	C:\Projects\Diversify.Umbraco.Web\packages\UmbracoCms.7.12.1\UmbracoFiles\Umbraco\assets\img\
	                   5	C:\Projects\Diversify.Umbraco.Web\packages\UmbracoCms.7.12.1\UmbracoFiles\Umbraco\assets\img\application\
	                  11	C:\Projects\Diversify.Umbraco.Web\packages\UmbracoCms.7.12.1\UmbracoFiles\Umbraco\assets\img\applicationIcons\
	                   1	C:\Projects\Diversify.Umbraco.Web\packages\UmbracoCms.7.12.1\UmbracoFiles\Umbraco\assets\img\forms\
	                   2	C:\Projects\Diversify.Umbraco.Web\packages\UmbracoCms.7.12.1\UmbracoFiles\Umbraco\assets\img\uploader\
	                  11	C:\Projects\Diversify.Umbraco.Web\packages\UmbracoCms.7.12.1\UmbracoFiles\Umbraco\assets\less\
	                   0	C:\Projects\Diversify.Umbraco.Web\packages\UmbracoCms.7.12.1\UmbracoFiles\Umbraco\Config\
	                   1	C:\Projects\Diversify.Umbraco.Web\packages\UmbracoCms.7.12.1\UmbracoFiles\Umbraco\Config\Create\
	                  20	C:\Projects\Diversify.Umbraco.Web\packages\UmbracoCms.7.12.1\UmbracoFiles\Umbraco\Config\Lang\
	                   1	C:\Projects\Diversify.Umbraco.Web\packages\UmbracoCms.7.12.1\UmbracoFiles\Umbraco\Controls\
	                   2	C:\Projects\Diversify.Umbraco.Web\packages\UmbracoCms.7.12.1\UmbracoFiles\Umbraco\Controls\Tree\
	                   3	C:\Projects\Diversify.Umbraco.Web\packages\UmbracoCms.7.12.1\UmbracoFiles\Umbraco\Create\
	                   2	C:\Projects\Diversify.Umbraco.Web\packages\UmbracoCms.7.12.1\UmbracoFiles\Umbraco\Dashboard\
	                   0	C:\Projects\Diversify.Umbraco.Web\packages\UmbracoCms.7.12.1\UmbracoFiles\Umbraco\Developer\
	                   2	C:\Projects\Diversify.Umbraco.Web\packages\UmbracoCms.7.12.1\UmbracoFiles\Umbraco\Developer\Macros\
	                   3	C:\Projects\Diversify.Umbraco.Web\packages\UmbracoCms.7.12.1\UmbracoFiles\Umbraco\Developer\Packages\
	                   3	C:\Projects\Diversify.Umbraco.Web\packages\UmbracoCms.7.12.1\UmbracoFiles\Umbraco\Developer\RelationTypes\
	                   3	C:\Projects\Diversify.Umbraco.Web\packages\UmbracoCms.7.12.1\UmbracoFiles\Umbraco\Developer\RelationTypes\Images\
	                   2	C:\Projects\Diversify.Umbraco.Web\packages\UmbracoCms.7.12.1\UmbracoFiles\Umbraco\Developer\RelationTypes\TreeMenu\
	                   5	C:\Projects\Diversify.Umbraco.Web\packages\UmbracoCms.7.12.1\UmbracoFiles\Umbraco\Developer\Xslt\
	                  19	C:\Projects\Diversify.Umbraco.Web\packages\UmbracoCms.7.12.1\UmbracoFiles\Umbraco\Dialogs\
	                   0	C:\Projects\Diversify.Umbraco.Web\packages\UmbracoCms.7.12.1\UmbracoFiles\Umbraco\Install\
	                   2	C:\Projects\Diversify.Umbraco.Web\packages\UmbracoCms.7.12.1\UmbracoFiles\Umbraco\Install\Views\
	    Older     		    3080	Web.config  0%  100%  
	                  26	C:\Projects\Diversify.Umbraco.Web\packages\UmbracoCms.7.12.1\UmbracoFiles\Umbraco\Js\
	    Older     		     257	web.config  0%  100%  
	                   0	C:\Projects\Diversify.Umbraco.Web\packages\UmbracoCms.7.12.1\UmbracoFiles\Umbraco\lib\
	                   0	C:\Projects\Diversify.Umbraco.Web\packages\UmbracoCms.7.12.1\UmbracoFiles\Umbraco\lib\ace-builds\
	                   8	C:\Projects\Diversify.Umbraco.Web\packages\UmbracoCms.7.12.1\UmbracoFiles\Umbraco\lib\ace-builds\src-min-noconflict\
	                   2	C:\Projects\Diversify.Umbraco.Web\packages\UmbracoCms.7.12.1\UmbracoFiles\Umbraco\lib\ace-builds\src-min-noconflict\snippets\
	                   0	C:\Projects\Diversify.Umbraco.Web\packages\UmbracoCms.7.12.1\UmbracoFiles\Umbraco\lib\ace-razor-mode\
	                   1	C:\Projects\Diversify.Umbraco.Web\packages\UmbracoCms.7.12.1\UmbracoFiles\Umbraco\lib\ace-razor-mode\theme\
	                   1	C:\Projects\Diversify.Umbraco.Web\packages\UmbracoCms.7.12.1\UmbracoFiles\Umbraco\lib\angular\
	                  14	C:\Projects\Diversify.Umbraco.Web\packages\UmbracoCms.7.12.1\UmbracoFiles\Umbraco\lib\angular\1.1.5\
	                 287	C:\Projects\Diversify.Umbraco.Web\packages\UmbracoCms.7.12.1\UmbracoFiles\Umbraco\lib\angular\1.1.5\i18n\
	                   1	C:\Projects\Diversify.Umbraco.Web\packages\UmbracoCms.7.12.1\UmbracoFiles\Umbraco\lib\angular-bootstrap\
	                   2	C:\Projects\Diversify.Umbraco.Web\packages\UmbracoCms.7.12.1\UmbracoFiles\Umbraco\lib\angular-dynamic-locale\
	                   2	C:\Projects\Diversify.Umbraco.Web\packages\UmbracoCms.7.12.1\UmbracoFiles\Umbraco\lib\angular-local-storage\
	                   0	C:\Projects\Diversify.Umbraco.Web\packages\UmbracoCms.7.12.1\UmbracoFiles\Umbraco\lib\bootstrap\
	                   7	C:\Projects\Diversify.Umbraco.Web\packages\UmbracoCms.7.12.1\UmbracoFiles\Umbraco\lib\bootstrap\css\
	                   2	C:\Projects\Diversify.Umbraco.Web\packages\UmbracoCms.7.12.1\UmbracoFiles\Umbraco\lib\bootstrap\img\
	                   2	C:\Projects\Diversify.Umbraco.Web\packages\UmbracoCms.7.12.1\UmbracoFiles\Umbraco\lib\bootstrap\js\
	                  41	C:\Projects\Diversify.Umbraco.Web\packages\UmbracoCms.7.12.1\UmbracoFiles\Umbraco\lib\bootstrap\less\
	                   8	C:\Projects\Diversify.Umbraco.Web\packages\UmbracoCms.7.12.1\UmbracoFiles\Umbraco\lib\bootstrap\less\tests\
	                   1	C:\Projects\Diversify.Umbraco.Web\packages\UmbracoCms.7.12.1\UmbracoFiles\Umbraco\lib\bootstrap-social\
	                   2	C:\Projects\Diversify.Umbraco.Web\packages\UmbracoCms.7.12.1\UmbracoFiles\Umbraco\lib\bootstrap-tabdrop\
	                   1	C:\Projects\Diversify.Umbraco.Web\packages\UmbracoCms.7.12.1\UmbracoFiles\Umbraco\lib\clipboard\
	                   0	C:\Projects\Diversify.Umbraco.Web\packages\UmbracoCms.7.12.1\UmbracoFiles\Umbraco\lib\codemirror\
	                   0	C:\Projects\Diversify.Umbraco.Web\packages\UmbracoCms.7.12.1\UmbracoFiles\Umbraco\lib\codemirror\addon\
	                   2	C:\Projects\Diversify.Umbraco.Web\packages\UmbracoCms.7.12.1\UmbracoFiles\Umbraco\lib\codemirror\addon\dialog\
	                   6	C:\Projects\Diversify.Umbraco.Web\packages\UmbracoCms.7.12.1\UmbracoFiles\Umbraco\lib\codemirror\addon\edit\
	                   5	C:\Projects\Diversify.Umbraco.Web\packages\UmbracoCms.7.12.1\UmbracoFiles\Umbraco\lib\codemirror\addon\search\
	                   3	C:\Projects\Diversify.Umbraco.Web\packages\UmbracoCms.7.12.1\UmbracoFiles\Umbraco\lib\codemirror\addon\selection\
	                   2	C:\Projects\Diversify.Umbraco.Web\packages\UmbracoCms.7.12.1\UmbracoFiles\Umbraco\lib\codemirror\lib\
	                   0	C:\Projects\Diversify.Umbraco.Web\packages\UmbracoCms.7.12.1\UmbracoFiles\Umbraco\lib\codemirror\mode\
	                   1	C:\Projects\Diversify.Umbraco.Web\packages\UmbracoCms.7.12.1\UmbracoFiles\Umbraco\lib\codemirror\mode\css\
	                   1	C:\Projects\Diversify.Umbraco.Web\packages\UmbracoCms.7.12.1\UmbracoFiles\Umbraco\lib\codemirror\mode\htmlmixed\
	                   1	C:\Projects\Diversify.Umbraco.Web\packages\UmbracoCms.7.12.1\UmbracoFiles\Umbraco\lib\codemirror\mode\javascript\
	                   3	C:\Projects\Diversify.Umbraco.Web\packages\UmbracoCms.7.12.1\UmbracoFiles\Umbraco\lib\codemirror\mode\razor\
	                   1	C:\Projects\Diversify.Umbraco.Web\packages\UmbracoCms.7.12.1\UmbracoFiles\Umbraco\lib\codemirror\mode\xml\
	                   1	C:\Projects\Diversify.Umbraco.Web\packages\UmbracoCms.7.12.1\UmbracoFiles\Umbraco\lib\cssparser\
	                   2	C:\Projects\Diversify.Umbraco.Web\packages\UmbracoCms.7.12.1\UmbracoFiles\Umbraco\lib\datetimepicker\
	                   0	C:\Projects\Diversify.Umbraco.Web\packages\UmbracoCms.7.12.1\UmbracoFiles\Umbraco\lib\font-awesome\
	                   1	C:\Projects\Diversify.Umbraco.Web\packages\UmbracoCms.7.12.1\UmbracoFiles\Umbraco\lib\font-awesome\css\
	                   5	C:\Projects\Diversify.Umbraco.Web\packages\UmbracoCms.7.12.1\UmbracoFiles\Umbraco\lib\font-awesome\fonts\
	                   2	C:\Projects\Diversify.Umbraco.Web\packages\UmbracoCms.7.12.1\UmbracoFiles\Umbraco\lib\jquery\
	                   1	C:\Projects\Diversify.Umbraco.Web\packages\UmbracoCms.7.12.1\UmbracoFiles\Umbraco\lib\jquery-migrate\
	                   2	C:\Projects\Diversify.Umbraco.Web\packages\UmbracoCms.7.12.1\UmbracoFiles\Umbraco\lib\jquery-ui\
	                   1	C:\Projects\Diversify.Umbraco.Web\packages\UmbracoCms.7.12.1\UmbracoFiles\Umbraco\lib\jquery-ui-touch-punch\
	                   1	C:\Projects\Diversify.Umbraco.Web\packages\UmbracoCms.7.12.1\UmbracoFiles\Umbraco\lib\less\
	                   5	C:\Projects\Diversify.Umbraco.Web\packages\UmbracoCms.7.12.1\UmbracoFiles\Umbraco\lib\markdown\
	                  88	C:\Projects\Diversify.Umbraco.Web\packages\UmbracoCms.7.12.1\UmbracoFiles\Umbraco\lib\moment\
	                   1	C:\Projects\Diversify.Umbraco.Web\packages\UmbracoCms.7.12.1\UmbracoFiles\Umbraco\lib\ng-file-upload\
	                   1	C:\Projects\Diversify.Umbraco.Web\packages\UmbracoCms.7.12.1\UmbracoFiles\Umbraco\lib\rgrove-lazyload\
	                   2	C:\Projects\Diversify.Umbraco.Web\packages\UmbracoCms.7.12.1\UmbracoFiles\Umbraco\lib\slider\
	                   1	C:\Projects\Diversify.Umbraco.Web\packages\UmbracoCms.7.12.1\UmbracoFiles\Umbraco\lib\slider\js\
	                   2	C:\Projects\Diversify.Umbraco.Web\packages\UmbracoCms.7.12.1\UmbracoFiles\Umbraco\lib\spectrum\
	                   1	C:\Projects\Diversify.Umbraco.Web\packages\UmbracoCms.7.12.1\UmbracoFiles\Umbraco\lib\tinymce\
	                  16	C:\Projects\Diversify.Umbraco.Web\packages\UmbracoCms.7.12.1\UmbracoFiles\Umbraco\lib\tinymce\langs\
	                   0	C:\Projects\Diversify.Umbraco.Web\packages\UmbracoCms.7.12.1\UmbracoFiles\Umbraco\lib\tinymce\plugins\
	                   3	C:\Projects\Diversify.Umbraco.Web\packages\UmbracoCms.7.12.1\UmbracoFiles\Umbraco\lib\tinymce\plugins\advlist\
	                   3	C:\Projects\Diversify.Umbraco.Web\packages\UmbracoCms.7.12.1\UmbracoFiles\Umbraco\lib\tinymce\plugins\anchor\
	                   3	C:\Projects\Diversify.Umbraco.Web\packages\UmbracoCms.7.12.1\UmbracoFiles\Umbraco\lib\tinymce\plugins\autolink\
	                   3	C:\Projects\Diversify.Umbraco.Web\packages\UmbracoCms.7.12.1\UmbracoFiles\Umbraco\lib\tinymce\plugins\autoresize\
	                   3	C:\Projects\Diversify.Umbraco.Web\packages\UmbracoCms.7.12.1\UmbracoFiles\Umbraco\lib\tinymce\plugins\autosave\
	                   3	C:\Projects\Diversify.Umbraco.Web\packages\UmbracoCms.7.12.1\UmbracoFiles\Umbraco\lib\tinymce\plugins\bbcode\
	                   3	C:\Projects\Diversify.Umbraco.Web\packages\UmbracoCms.7.12.1\UmbracoFiles\Umbraco\lib\tinymce\plugins\charmap\
	                   3	C:\Projects\Diversify.Umbraco.Web\packages\UmbracoCms.7.12.1\UmbracoFiles\Umbraco\lib\tinymce\plugins\code\
	                   2	C:\Projects\Diversify.Umbraco.Web\packages\UmbracoCms.7.12.1\UmbracoFiles\Umbraco\lib\tinymce\plugins\codemirror\
	                  16	C:\Projects\Diversify.Umbraco.Web\packages\UmbracoCms.7.12.1\UmbracoFiles\Umbraco\lib\tinymce\plugins\codemirror\langs\
	                   3	C:\Projects\Diversify.Umbraco.Web\packages\UmbracoCms.7.12.1\UmbracoFiles\Umbraco\lib\tinymce\plugins\codesample\
	                   1	C:\Projects\Diversify.Umbraco.Web\packages\UmbracoCms.7.12.1\UmbracoFiles\Umbraco\lib\tinymce\plugins\codesample\css\
	                   3	C:\Projects\Diversify.Umbraco.Web\packages\UmbracoCms.7.12.1\UmbracoFiles\Umbraco\lib\tinymce\plugins\colorpicker\
	                   3	C:\Projects\Diversify.Umbraco.Web\packages\UmbracoCms.7.12.1\UmbracoFiles\Umbraco\lib\tinymce\plugins\contextmenu\
	                   3	C:\Projects\Diversify.Umbraco.Web\packages\UmbracoCms.7.12.1\UmbracoFiles\Umbraco\lib\tinymce\plugins\directionality\
	                   3	C:\Projects\Diversify.Umbraco.Web\packages\UmbracoCms.7.12.1\UmbracoFiles\Umbraco\lib\tinymce\plugins\emoticons\
	                  16	C:\Projects\Diversify.Umbraco.Web\packages\UmbracoCms.7.12.1\UmbracoFiles\Umbraco\lib\tinymce\plugins\emoticons\img\
	                   3	C:\Projects\Diversify.Umbraco.Web\packages\UmbracoCms.7.12.1\UmbracoFiles\Umbraco\lib\tinymce\plugins\fullpage\
	                   3	C:\Projects\Diversify.Umbraco.Web\packages\UmbracoCms.7.12.1\UmbracoFiles\Umbraco\lib\tinymce\plugins\fullscreen\
	                   3	C:\Projects\Diversify.Umbraco.Web\packages\UmbracoCms.7.12.1\UmbracoFiles\Umbraco\lib\tinymce\plugins\help\
	                   1	C:\Projects\Diversify.Umbraco.Web\packages\UmbracoCms.7.12.1\UmbracoFiles\Umbraco\lib\tinymce\plugins\help\img\
	                   3	C:\Projects\Diversify.Umbraco.Web\packages\UmbracoCms.7.12.1\UmbracoFiles\Umbraco\lib\tinymce\plugins\hr\
	                   3	C:\Projects\Diversify.Umbraco.Web\packages\UmbracoCms.7.12.1\UmbracoFiles\Umbraco\lib\tinymce\plugins\image\
	                   3	C:\Projects\Diversify.Umbraco.Web\packages\UmbracoCms.7.12.1\UmbracoFiles\Umbraco\lib\tinymce\plugins\imagetools\
	                   3	C:\Projects\Diversify.Umbraco.Web\packages\UmbracoCms.7.12.1\UmbracoFiles\Umbraco\lib\tinymce\plugins\importcss\
	                   3	C:\Projects\Diversify.Umbraco.Web\packages\UmbracoCms.7.12.1\UmbracoFiles\Umbraco\lib\tinymce\plugins\insertdatetime\
	                   3	C:\Projects\Diversify.Umbraco.Web\packages\UmbracoCms.7.12.1\UmbracoFiles\Umbraco\lib\tinymce\plugins\legacyoutput\
	                   3	C:\Projects\Diversify.Umbraco.Web\packages\UmbracoCms.7.12.1\UmbracoFiles\Umbraco\lib\tinymce\plugins\link\
	                   3	C:\Projects\Diversify.Umbraco.Web\packages\UmbracoCms.7.12.1\UmbracoFiles\Umbraco\lib\tinymce\plugins\lists\
	                   3	C:\Projects\Diversify.Umbraco.Web\packages\UmbracoCms.7.12.1\UmbracoFiles\Umbraco\lib\tinymce\plugins\media\
	                   3	C:\Projects\Diversify.Umbraco.Web\packages\UmbracoCms.7.12.1\UmbracoFiles\Umbraco\lib\tinymce\plugins\nonbreaking\
	                   3	C:\Projects\Diversify.Umbraco.Web\packages\UmbracoCms.7.12.1\UmbracoFiles\Umbraco\lib\tinymce\plugins\noneditable\
	                   3	C:\Projects\Diversify.Umbraco.Web\packages\UmbracoCms.7.12.1\UmbracoFiles\Umbraco\lib\tinymce\plugins\pagebreak\
	                   3	C:\Projects\Diversify.Umbraco.Web\packages\UmbracoCms.7.12.1\UmbracoFiles\Umbraco\lib\tinymce\plugins\paste\
	                   3	C:\Projects\Diversify.Umbraco.Web\packages\UmbracoCms.7.12.1\UmbracoFiles\Umbraco\lib\tinymce\plugins\preview\
	                   3	C:\Projects\Diversify.Umbraco.Web\packages\UmbracoCms.7.12.1\UmbracoFiles\Umbraco\lib\tinymce\plugins\print\
	                   3	C:\Projects\Diversify.Umbraco.Web\packages\UmbracoCms.7.12.1\UmbracoFiles\Umbraco\lib\tinymce\plugins\save\
	                   3	C:\Projects\Diversify.Umbraco.Web\packages\UmbracoCms.7.12.1\UmbracoFiles\Umbraco\lib\tinymce\plugins\searchreplace\
	                   3	C:\Projects\Diversify.Umbraco.Web\packages\UmbracoCms.7.12.1\UmbracoFiles\Umbraco\lib\tinymce\plugins\spellchecker\
	                   3	C:\Projects\Diversify.Umbraco.Web\packages\UmbracoCms.7.12.1\UmbracoFiles\Umbraco\lib\tinymce\plugins\tabfocus\
	                   3	C:\Projects\Diversify.Umbraco.Web\packages\UmbracoCms.7.12.1\UmbracoFiles\Umbraco\lib\tinymce\plugins\table\
	                   3	C:\Projects\Diversify.Umbraco.Web\packages\UmbracoCms.7.12.1\UmbracoFiles\Umbraco\lib\tinymce\plugins\template\
	                   3	C:\Projects\Diversify.Umbraco.Web\packages\UmbracoCms.7.12.1\UmbracoFiles\Umbraco\lib\tinymce\plugins\textcolor\
	                   3	C:\Projects\Diversify.Umbraco.Web\packages\UmbracoCms.7.12.1\UmbracoFiles\Umbraco\lib\tinymce\plugins\textpattern\
	                   3	C:\Projects\Diversify.Umbraco.Web\packages\UmbracoCms.7.12.1\UmbracoFiles\Umbraco\lib\tinymce\plugins\toc\
	                   3	C:\Projects\Diversify.Umbraco.Web\packages\UmbracoCms.7.12.1\UmbracoFiles\Umbraco\lib\tinymce\plugins\visualblocks\
	                   1	C:\Projects\Diversify.Umbraco.Web\packages\UmbracoCms.7.12.1\UmbracoFiles\Umbraco\lib\tinymce\plugins\visualblocks\css\
	                   3	C:\Projects\Diversify.Umbraco.Web\packages\UmbracoCms.7.12.1\UmbracoFiles\Umbraco\lib\tinymce\plugins\visualchars\
	                   3	C:\Projects\Diversify.Umbraco.Web\packages\UmbracoCms.7.12.1\UmbracoFiles\Umbraco\lib\tinymce\plugins\wordcount\
	                   0	C:\Projects\Diversify.Umbraco.Web\packages\UmbracoCms.7.12.1\UmbracoFiles\Umbraco\lib\tinymce\skins\
	                   4	C:\Projects\Diversify.Umbraco.Web\packages\UmbracoCms.7.12.1\UmbracoFiles\Umbraco\lib\tinymce\skins\umbraco\
	                   9	C:\Projects\Diversify.Umbraco.Web\packages\UmbracoCms.7.12.1\UmbracoFiles\Umbraco\lib\tinymce\skins\umbraco\fonts\
	                   5	C:\Projects\Diversify.Umbraco.Web\packages\UmbracoCms.7.12.1\UmbracoFiles\Umbraco\lib\tinymce\skins\umbraco\img\
	                   0	C:\Projects\Diversify.Umbraco.Web\packages\UmbracoCms.7.12.1\UmbracoFiles\Umbraco\lib\tinymce\themes\
	                   3	C:\Projects\Diversify.Umbraco.Web\packages\UmbracoCms.7.12.1\UmbracoFiles\Umbraco\lib\tinymce\themes\inlite\
	                   3	C:\Projects\Diversify.Umbraco.Web\packages\UmbracoCms.7.12.1\UmbracoFiles\Umbraco\lib\tinymce\themes\mobile\
	                   3	C:\Projects\Diversify.Umbraco.Web\packages\UmbracoCms.7.12.1\UmbracoFiles\Umbraco\lib\tinymce\themes\modern\
	                   1	C:\Projects\Diversify.Umbraco.Web\packages\UmbracoCms.7.12.1\UmbracoFiles\Umbraco\lib\tinymce\themes\umbraco\
	                   1	C:\Projects\Diversify.Umbraco.Web\packages\UmbracoCms.7.12.1\UmbracoFiles\Umbraco\lib\typeahead.js\
	                   5	C:\Projects\Diversify.Umbraco.Web\packages\UmbracoCms.7.12.1\UmbracoFiles\Umbraco\lib\umbraco\
	                   2	C:\Projects\Diversify.Umbraco.Web\packages\UmbracoCms.7.12.1\UmbracoFiles\Umbraco\lib\underscore\
	                   3	C:\Projects\Diversify.Umbraco.Web\packages\UmbracoCms.7.12.1\UmbracoFiles\Umbraco\Masterpages\
	                   4	C:\Projects\Diversify.Umbraco.Web\packages\UmbracoCms.7.12.1\UmbracoFiles\Umbraco\Members\
	                   0	C:\Projects\Diversify.Umbraco.Web\packages\UmbracoCms.7.12.1\UmbracoFiles\Umbraco\PartialViewMacros\
	                  20	C:\Projects\Diversify.Umbraco.Web\packages\UmbracoCms.7.12.1\UmbracoFiles\Umbraco\PartialViewMacros\Templates\
	                   0	C:\Projects\Diversify.Umbraco.Web\packages\UmbracoCms.7.12.1\UmbracoFiles\Umbraco\Plugins\
	                   1	C:\Projects\Diversify.Umbraco.Web\packages\UmbracoCms.7.12.1\UmbracoFiles\Umbraco\Plugins\Tinymce3\
	                   3	C:\Projects\Diversify.Umbraco.Web\packages\UmbracoCms.7.12.1\UmbracoFiles\Umbraco\Search\
	                   3	C:\Projects\Diversify.Umbraco.Web\packages\UmbracoCms.7.12.1\UmbracoFiles\Umbraco\Settings\
	                   1	C:\Projects\Diversify.Umbraco.Web\packages\UmbracoCms.7.12.1\UmbracoFiles\Umbraco\Settings\Modals\
	                   1	C:\Projects\Diversify.Umbraco.Web\packages\UmbracoCms.7.12.1\UmbracoFiles\Umbraco\Settings\Stylesheet\
	                   1	C:\Projects\Diversify.Umbraco.Web\packages\UmbracoCms.7.12.1\UmbracoFiles\Umbraco\Settings\Stylesheet\Property\
	                   5	C:\Projects\Diversify.Umbraco.Web\packages\UmbracoCms.7.12.1\UmbracoFiles\Umbraco\Translation\
	                   2	C:\Projects\Diversify.Umbraco.Web\packages\UmbracoCms.7.12.1\UmbracoFiles\Umbraco\Views\
	                   3	C:\Projects\Diversify.Umbraco.Web\packages\UmbracoCms.7.12.1\UmbracoFiles\Umbraco\Views\common\
	                  15	C:\Projects\Diversify.Umbraco.Web\packages\UmbracoCms.7.12.1\UmbracoFiles\Umbraco\Views\common\dialogs\
	                   1	C:\Projects\Diversify.Umbraco.Web\packages\UmbracoCms.7.12.1\UmbracoFiles\Umbraco\Views\common\dialogs\content\
	                   2	C:\Projects\Diversify.Umbraco.Web\packages\UmbracoCms.7.12.1\UmbracoFiles\Umbraco\Views\common\dialogs\template\
	                   0	C:\Projects\Diversify.Umbraco.Web\packages\UmbracoCms.7.12.1\UmbracoFiles\Umbraco\Views\common\drawers\
	                   1	C:\Projects\Diversify.Umbraco.Web\packages\UmbracoCms.7.12.1\UmbracoFiles\Umbraco\Views\common\drawers\help\
	                   2	C:\Projects\Diversify.Umbraco.Web\packages\UmbracoCms.7.12.1\UmbracoFiles\Umbraco\Views\common\notifications\
	                   0	C:\Projects\Diversify.Umbraco.Web\packages\UmbracoCms.7.12.1\UmbracoFiles\Umbraco\Views\common\overlays\
	                   1	C:\Projects\Diversify.Umbraco.Web\packages\UmbracoCms.7.12.1\UmbracoFiles\Umbraco\Views\common\overlays\contentpicker\
	                   0	C:\Projects\Diversify.Umbraco.Web\packages\UmbracoCms.7.12.1\UmbracoFiles\Umbraco\Views\common\overlays\contenttypeeditor\
	                   1	C:\Projects\Diversify.Umbraco.Web\packages\UmbracoCms.7.12.1\UmbracoFiles\Umbraco\Views\common\overlays\contenttypeeditor\compositions\
	                   1	C:\Projects\Diversify.Umbraco.Web\packages\UmbracoCms.7.12.1\UmbracoFiles\Umbraco\Views\common\overlays\contenttypeeditor\editorpicker\
	                   1	C:\Projects\Diversify.Umbraco.Web\packages\UmbracoCms.7.12.1\UmbracoFiles\Umbraco\Views\common\overlays\contenttypeeditor\editorsettings\
	                   1	C:\Projects\Diversify.Umbraco.Web\packages\UmbracoCms.7.12.1\UmbracoFiles\Umbraco\Views\common\overlays\contenttypeeditor\propertysettings\
	                   1	C:\Projects\Diversify.Umbraco.Web\packages\UmbracoCms.7.12.1\UmbracoFiles\Umbraco\Views\common\overlays\copy\
	                   1	C:\Projects\Diversify.Umbraco.Web\packages\UmbracoCms.7.12.1\UmbracoFiles\Umbraco\Views\common\overlays\embed\
	                   1	C:\Projects\Diversify.Umbraco.Web\packages\UmbracoCms.7.12.1\UmbracoFiles\Umbraco\Views\common\overlays\help\
	                   1	C:\Projects\Diversify.Umbraco.Web\packages\UmbracoCms.7.12.1\UmbracoFiles\Umbraco\Views\common\overlays\iconpicker\
	                   1	C:\Projects\Diversify.Umbraco.Web\packages\UmbracoCms.7.12.1\UmbracoFiles\Umbraco\Views\common\overlays\insert\
	                   1	C:\Projects\Diversify.Umbraco.Web\packages\UmbracoCms.7.12.1\UmbracoFiles\Umbraco\Views\common\overlays\insertfield\
	                   1	C:\Projects\Diversify.Umbraco.Web\packages\UmbracoCms.7.12.1\UmbracoFiles\Umbraco\Views\common\overlays\itempicker\
	                   1	C:\Projects\Diversify.Umbraco.Web\packages\UmbracoCms.7.12.1\UmbracoFiles\Umbraco\Views\common\overlays\linkpicker\
	                   1	C:\Projects\Diversify.Umbraco.Web\packages\UmbracoCms.7.12.1\UmbracoFiles\Umbraco\Views\common\overlays\macropicker\
	                   1	C:\Projects\Diversify.Umbraco.Web\packages\UmbracoCms.7.12.1\UmbracoFiles\Umbraco\Views\common\overlays\mediaPicker\
	                   1	C:\Projects\Diversify.Umbraco.Web\packages\UmbracoCms.7.12.1\UmbracoFiles\Umbraco\Views\common\overlays\mediatypepicker\
	                   1	C:\Projects\Diversify.Umbraco.Web\packages\UmbracoCms.7.12.1\UmbracoFiles\Umbraco\Views\common\overlays\membergrouppicker\
	                   1	C:\Projects\Diversify.Umbraco.Web\packages\UmbracoCms.7.12.1\UmbracoFiles\Umbraco\Views\common\overlays\memberpicker\
	                   1	C:\Projects\Diversify.Umbraco.Web\packages\UmbracoCms.7.12.1\UmbracoFiles\Umbraco\Views\common\overlays\move\
	                   1	C:\Projects\Diversify.Umbraco.Web\packages\UmbracoCms.7.12.1\UmbracoFiles\Umbraco\Views\common\overlays\nodepermissions\
	                   1	C:\Projects\Diversify.Umbraco.Web\packages\UmbracoCms.7.12.1\UmbracoFiles\Umbraco\Views\common\overlays\querybuilder\
	                   1	C:\Projects\Diversify.Umbraco.Web\packages\UmbracoCms.7.12.1\UmbracoFiles\Umbraco\Views\common\overlays\sectionpicker\
	                   1	C:\Projects\Diversify.Umbraco.Web\packages\UmbracoCms.7.12.1\UmbracoFiles\Umbraco\Views\common\overlays\templatesections\
	                   1	C:\Projects\Diversify.Umbraco.Web\packages\UmbracoCms.7.12.1\UmbracoFiles\Umbraco\Views\common\overlays\treepicker\
	                   1	C:\Projects\Diversify.Umbraco.Web\packages\UmbracoCms.7.12.1\UmbracoFiles\Umbraco\Views\common\overlays\user\
	                   1	C:\Projects\Diversify.Umbraco.Web\packages\UmbracoCms.7.12.1\UmbracoFiles\Umbraco\Views\common\overlays\usergrouppicker\
	                   1	C:\Projects\Diversify.Umbraco.Web\packages\UmbracoCms.7.12.1\UmbracoFiles\Umbraco\Views\common\overlays\userpicker\
	                   1	C:\Projects\Diversify.Umbraco.Web\packages\UmbracoCms.7.12.1\UmbracoFiles\Umbraco\Views\common\overlays\ysod\
	                   0	C:\Projects\Diversify.Umbraco.Web\packages\UmbracoCms.7.12.1\UmbracoFiles\Umbraco\Views\common\tours\
	                   0	C:\Projects\Diversify.Umbraco.Web\packages\UmbracoCms.7.12.1\UmbracoFiles\Umbraco\Views\common\tours\umbintrocreatecontent\
	                   1	C:\Projects\Diversify.Umbraco.Web\packages\UmbracoCms.7.12.1\UmbracoFiles\Umbraco\Views\common\tours\umbintrocreatecontent\nodename\
	                   0	C:\Projects\Diversify.Umbraco.Web\packages\UmbracoCms.7.12.1\UmbracoFiles\Umbraco\Views\common\tours\umbintrocreatedoctype\
	                   1	C:\Projects\Diversify.Umbraco.Web\packages\UmbracoCms.7.12.1\UmbracoFiles\Umbraco\Views\common\tours\umbintrocreatedoctype\doctypename\
	                   1	C:\Projects\Diversify.Umbraco.Web\packages\UmbracoCms.7.12.1\UmbracoFiles\Umbraco\Views\common\tours\umbintrocreatedoctype\propertyname\
	                   1	C:\Projects\Diversify.Umbraco.Web\packages\UmbracoCms.7.12.1\UmbracoFiles\Umbraco\Views\common\tours\umbintrocreatedoctype\tabname\
	                   0	C:\Projects\Diversify.Umbraco.Web\packages\UmbracoCms.7.12.1\UmbracoFiles\Umbraco\Views\common\tours\umbintromediasection\
	                   1	C:\Projects\Diversify.Umbraco.Web\packages\UmbracoCms.7.12.1\UmbracoFiles\Umbraco\Views\common\tours\umbintromediasection\foldername\
	                   1	C:\Projects\Diversify.Umbraco.Web\packages\UmbracoCms.7.12.1\UmbracoFiles\Umbraco\Views\common\tours\umbintromediasection\uploadimages\
	                   0	C:\Projects\Diversify.Umbraco.Web\packages\UmbracoCms.7.12.1\UmbracoFiles\Umbraco\Views\common\tours\umbintrorenderintemplate\
	                   1	C:\Projects\Diversify.Umbraco.Web\packages\UmbracoCms.7.12.1\UmbracoFiles\Umbraco\Views\common\tours\umbintrorenderintemplate\templatetree\
	                  31	C:\Projects\Diversify.Umbraco.Web\packages\UmbracoCms.7.12.1\UmbracoFiles\Umbraco\Views\components\
	                   5	C:\Projects\Diversify.Umbraco.Web\packages\UmbracoCms.7.12.1\UmbracoFiles\Umbraco\Views\components\application\
	                   5	C:\Projects\Diversify.Umbraco.Web\packages\UmbracoCms.7.12.1\UmbracoFiles\Umbraco\Views\components\application\umbdrawer\
	                   5	C:\Projects\Diversify.Umbraco.Web\packages\UmbracoCms.7.12.1\UmbracoFiles\Umbraco\Views\components\application\umbtour\
	                   3	C:\Projects\Diversify.Umbraco.Web\packages\UmbracoCms.7.12.1\UmbracoFiles\Umbraco\Views\components\buttons\
	                   2	C:\Projects\Diversify.Umbraco.Web\packages\UmbracoCms.7.12.1\UmbracoFiles\Umbraco\Views\components\content\
	                  10	C:\Projects\Diversify.Umbraco.Web\packages\UmbracoCms.7.12.1\UmbracoFiles\Umbraco\Views\components\editor\
	                   4	C:\Projects\Diversify.Umbraco.Web\packages\UmbracoCms.7.12.1\UmbracoFiles\Umbraco\Views\components\editor\subheader\
	                   3	C:\Projects\Diversify.Umbraco.Web\packages\UmbracoCms.7.12.1\UmbracoFiles\Umbraco\Views\components\html\
	                   3	C:\Projects\Diversify.Umbraco.Web\packages\UmbracoCms.7.12.1\UmbracoFiles\Umbraco\Views\components\html\umb-box\
	                   3	C:\Projects\Diversify.Umbraco.Web\packages\UmbracoCms.7.12.1\UmbracoFiles\Umbraco\Views\components\imaging\
	                   1	C:\Projects\Diversify.Umbraco.Web\packages\UmbracoCms.7.12.1\UmbracoFiles\Umbraco\Views\components\media\
	                   1	C:\Projects\Diversify.Umbraco.Web\packages\UmbracoCms.7.12.1\UmbracoFiles\Umbraco\Views\components\notifications\
	                   2	C:\Projects\Diversify.Umbraco.Web\packages\UmbracoCms.7.12.1\UmbracoFiles\Umbraco\Views\components\overlays\
	                   3	C:\Projects\Diversify.Umbraco.Web\packages\UmbracoCms.7.12.1\UmbracoFiles\Umbraco\Views\components\property\
	                   3	C:\Projects\Diversify.Umbraco.Web\packages\UmbracoCms.7.12.1\UmbracoFiles\Umbraco\Views\components\tabs\
	                   2	C:\Projects\Diversify.Umbraco.Web\packages\UmbracoCms.7.12.1\UmbracoFiles\Umbraco\Views\components\tree\
	                   1	C:\Projects\Diversify.Umbraco.Web\packages\UmbracoCms.7.12.1\UmbracoFiles\Umbraco\Views\components\upload\
	                   4	C:\Projects\Diversify.Umbraco.Web\packages\UmbracoCms.7.12.1\UmbracoFiles\Umbraco\Views\components\users\
	                  12	C:\Projects\Diversify.Umbraco.Web\packages\UmbracoCms.7.12.1\UmbracoFiles\Umbraco\Views\content\
	                   4	C:\Projects\Diversify.Umbraco.Web\packages\UmbracoCms.7.12.1\UmbracoFiles\Umbraco\Views\contentblueprints\
	                   1	C:\Projects\Diversify.Umbraco.Web\packages\UmbracoCms.7.12.1\UmbracoFiles\Umbraco\Views\dashboard\
	                   6	C:\Projects\Diversify.Umbraco.Web\packages\UmbracoCms.7.12.1\UmbracoFiles\Umbraco\Views\dashboard\default\
	                   6	C:\Projects\Diversify.Umbraco.Web\packages\UmbracoCms.7.12.1\UmbracoFiles\Umbraco\Views\dashboard\developer\
	                   1	C:\Projects\Diversify.Umbraco.Web\packages\UmbracoCms.7.12.1\UmbracoFiles\Umbraco\Views\dashboard\forms\
	                   4	C:\Projects\Diversify.Umbraco.Web\packages\UmbracoCms.7.12.1\UmbracoFiles\Umbraco\Views\dashboard\media\
	                   2	C:\Projects\Diversify.Umbraco.Web\packages\UmbracoCms.7.12.1\UmbracoFiles\Umbraco\Views\dashboard\members\
	                   2	C:\Projects\Diversify.Umbraco.Web\packages\UmbracoCms.7.12.1\UmbracoFiles\Umbraco\Views\dashboard\settings\
	                   5	C:\Projects\Diversify.Umbraco.Web\packages\UmbracoCms.7.12.1\UmbracoFiles\Umbraco\Views\datatypes\
	                   4	C:\Projects\Diversify.Umbraco.Web\packages\UmbracoCms.7.12.1\UmbracoFiles\Umbraco\Views\dictionary\
	                   0	C:\Projects\Diversify.Umbraco.Web\packages\UmbracoCms.7.12.1\UmbracoFiles\Umbraco\Views\directives\
	                   8	C:\Projects\Diversify.Umbraco.Web\packages\UmbracoCms.7.12.1\UmbracoFiles\Umbraco\Views\directives\_obsolete\
	                   8	C:\Projects\Diversify.Umbraco.Web\packages\UmbracoCms.7.12.1\UmbracoFiles\Umbraco\Views\documenttypes\
	                   0	C:\Projects\Diversify.Umbraco.Web\packages\UmbracoCms.7.12.1\UmbracoFiles\Umbraco\Views\documenttypes\views\
	                   1	C:\Projects\Diversify.Umbraco.Web\packages\UmbracoCms.7.12.1\UmbracoFiles\Umbraco\Views\documenttypes\views\design\
	                   1	C:\Projects\Diversify.Umbraco.Web\packages\UmbracoCms.7.12.1\UmbracoFiles\Umbraco\Views\documenttypes\views\listview\
	                   1	C:\Projects\Diversify.Umbraco.Web\packages\UmbracoCms.7.12.1\UmbracoFiles\Umbraco\Views\documenttypes\views\permissions\
	                   1	C:\Projects\Diversify.Umbraco.Web\packages\UmbracoCms.7.12.1\UmbracoFiles\Umbraco\Views\documenttypes\views\templates\
	                   9	C:\Projects\Diversify.Umbraco.Web\packages\UmbracoCms.7.12.1\UmbracoFiles\Umbraco\Views\install\
	                   7	C:\Projects\Diversify.Umbraco.Web\packages\UmbracoCms.7.12.1\UmbracoFiles\Umbraco\Views\media\
	                   6	C:\Projects\Diversify.Umbraco.Web\packages\UmbracoCms.7.12.1\UmbracoFiles\Umbraco\Views\mediatypes\
	                   0	C:\Projects\Diversify.Umbraco.Web\packages\UmbracoCms.7.12.1\UmbracoFiles\Umbraco\Views\mediatypes\views\
	                   1	C:\Projects\Diversify.Umbraco.Web\packages\UmbracoCms.7.12.1\UmbracoFiles\Umbraco\Views\mediatypes\views\design\
	                   1	C:\Projects\Diversify.Umbraco.Web\packages\UmbracoCms.7.12.1\UmbracoFiles\Umbraco\Views\mediatypes\views\listview\
	                   1	C:\Projects\Diversify.Umbraco.Web\packages\UmbracoCms.7.12.1\UmbracoFiles\Umbraco\Views\mediatypes\views\permissions\
	                   4	C:\Projects\Diversify.Umbraco.Web\packages\UmbracoCms.7.12.1\UmbracoFiles\Umbraco\Views\member\
	                   4	C:\Projects\Diversify.Umbraco.Web\packages\UmbracoCms.7.12.1\UmbracoFiles\Umbraco\Views\membertypes\
	                   0	C:\Projects\Diversify.Umbraco.Web\packages\UmbracoCms.7.12.1\UmbracoFiles\Umbraco\Views\membertypes\views\
	                   1	C:\Projects\Diversify.Umbraco.Web\packages\UmbracoCms.7.12.1\UmbracoFiles\Umbraco\Views\membertypes\views\design\
	                   2	C:\Projects\Diversify.Umbraco.Web\packages\UmbracoCms.7.12.1\UmbracoFiles\Umbraco\Views\packager\
	                   3	C:\Projects\Diversify.Umbraco.Web\packages\UmbracoCms.7.12.1\UmbracoFiles\Umbraco\Views\packager\views\
	                   3	C:\Projects\Diversify.Umbraco.Web\packages\UmbracoCms.7.12.1\UmbracoFiles\Umbraco\Views\partialviewmacros\
	                   3	C:\Projects\Diversify.Umbraco.Web\packages\UmbracoCms.7.12.1\UmbracoFiles\Umbraco\Views\partialviews\
	                  17	C:\Projects\Diversify.Umbraco.Web\packages\UmbracoCms.7.12.1\UmbracoFiles\Umbraco\Views\prevalueeditors\
	                  13	C:\Projects\Diversify.Umbraco.Web\packages\UmbracoCms.7.12.1\UmbracoFiles\Umbraco\Views\Preview\
	    Older     		    8837	Index.cshtml  0%  100%  
	    Older     		    1987	web.config  0%  100%  
	                   0	C:\Projects\Diversify.Umbraco.Web\packages\UmbracoCms.7.12.1\UmbracoFiles\Umbraco\Views\propertyeditors\
	                   1	C:\Projects\Diversify.Umbraco.Web\packages\UmbracoCms.7.12.1\UmbracoFiles\Umbraco\Views\propertyeditors\boolean\
	                   1	C:\Projects\Diversify.Umbraco.Web\packages\UmbracoCms.7.12.1\UmbracoFiles\Umbraco\Views\propertyeditors\changepassword\
	                   1	C:\Projects\Diversify.Umbraco.Web\packages\UmbracoCms.7.12.1\UmbracoFiles\Umbraco\Views\propertyeditors\checkboxlist\
	                   2	C:\Projects\Diversify.Umbraco.Web\packages\UmbracoCms.7.12.1\UmbracoFiles\Umbraco\Views\propertyeditors\colorpicker\
	                   1	C:\Projects\Diversify.Umbraco.Web\packages\UmbracoCms.7.12.1\UmbracoFiles\Umbraco\Views\propertyeditors\contentpicker\
	                   1	C:\Projects\Diversify.Umbraco.Web\packages\UmbracoCms.7.12.1\UmbracoFiles\Umbraco\Views\propertyeditors\datepicker\
	                   1	C:\Projects\Diversify.Umbraco.Web\packages\UmbracoCms.7.12.1\UmbracoFiles\Umbraco\Views\propertyeditors\decimal\
	                   1	C:\Projects\Diversify.Umbraco.Web\packages\UmbracoCms.7.12.1\UmbracoFiles\Umbraco\Views\propertyeditors\dropdown\
	                   1	C:\Projects\Diversify.Umbraco.Web\packages\UmbracoCms.7.12.1\UmbracoFiles\Umbraco\Views\propertyeditors\dropdownFlexible\
	                   1	C:\Projects\Diversify.Umbraco.Web\packages\UmbracoCms.7.12.1\UmbracoFiles\Umbraco\Views\propertyeditors\email\
	                   1	C:\Projects\Diversify.Umbraco.Web\packages\UmbracoCms.7.12.1\UmbracoFiles\Umbraco\Views\propertyeditors\entitypicker\
	                   1	C:\Projects\Diversify.Umbraco.Web\packages\UmbracoCms.7.12.1\UmbracoFiles\Umbraco\Views\propertyeditors\fileupload\
	                   1	C:\Projects\Diversify.Umbraco.Web\packages\UmbracoCms.7.12.1\UmbracoFiles\Umbraco\Views\propertyeditors\folderbrowser\
	                   1	C:\Projects\Diversify.Umbraco.Web\packages\UmbracoCms.7.12.1\UmbracoFiles\Umbraco\Views\propertyeditors\googlemaps\
	                   2	C:\Projects\Diversify.Umbraco.Web\packages\UmbracoCms.7.12.1\UmbracoFiles\Umbraco\Views\propertyeditors\grid\
	                   2	C:\Projects\Diversify.Umbraco.Web\packages\UmbracoCms.7.12.1\UmbracoFiles\Umbraco\Views\propertyeditors\grid\config\
	                   5	C:\Projects\Diversify.Umbraco.Web\packages\UmbracoCms.7.12.1\UmbracoFiles\Umbraco\Views\propertyeditors\grid\dialogs\
	                   6	C:\Projects\Diversify.Umbraco.Web\packages\UmbracoCms.7.12.1\UmbracoFiles\Umbraco\Views\propertyeditors\grid\editors\
	                   2	C:\Projects\Diversify.Umbraco.Web\packages\UmbracoCms.7.12.1\UmbracoFiles\Umbraco\Views\propertyeditors\imagecropper\
	                   1	C:\Projects\Diversify.Umbraco.Web\packages\UmbracoCms.7.12.1\UmbracoFiles\Umbraco\Views\propertyeditors\integer\
	                   6	C:\Projects\Diversify.Umbraco.Web\packages\UmbracoCms.7.12.1\UmbracoFiles\Umbraco\Views\propertyeditors\listview\
	                   0	C:\Projects\Diversify.Umbraco.Web\packages\UmbracoCms.7.12.1\UmbracoFiles\Umbraco\Views\propertyeditors\listview\layouts\
	                   1	C:\Projects\Diversify.Umbraco.Web\packages\UmbracoCms.7.12.1\UmbracoFiles\Umbraco\Views\propertyeditors\listview\layouts\grid\
	                   1	C:\Projects\Diversify.Umbraco.Web\packages\UmbracoCms.7.12.1\UmbracoFiles\Umbraco\Views\propertyeditors\listview\layouts\list\
	                   2	C:\Projects\Diversify.Umbraco.Web\packages\UmbracoCms.7.12.1\UmbracoFiles\Umbraco\Views\propertyeditors\macrocontainer\
	                   1	C:\Projects\Diversify.Umbraco.Web\packages\UmbracoCms.7.12.1\UmbracoFiles\Umbraco\Views\propertyeditors\markdowneditor\
	                   1	C:\Projects\Diversify.Umbraco.Web\packages\UmbracoCms.7.12.1\UmbracoFiles\Umbraco\Views\propertyeditors\mediapicker\
	                   1	C:\Projects\Diversify.Umbraco.Web\packages\UmbracoCms.7.12.1\UmbracoFiles\Umbraco\Views\propertyeditors\membergrouppicker\
	                   1	C:\Projects\Diversify.Umbraco.Web\packages\UmbracoCms.7.12.1\UmbracoFiles\Umbraco\Views\propertyeditors\membergroups\
	                   1	C:\Projects\Diversify.Umbraco.Web\packages\UmbracoCms.7.12.1\UmbracoFiles\Umbraco\Views\propertyeditors\memberpicker\
	                   1	C:\Projects\Diversify.Umbraco.Web\packages\UmbracoCms.7.12.1\UmbracoFiles\Umbraco\Views\propertyeditors\multipletextbox\
	                   3	C:\Projects\Diversify.Umbraco.Web\packages\UmbracoCms.7.12.1\UmbracoFiles\Umbraco\Views\propertyeditors\nestedcontent\
	                   1	C:\Projects\Diversify.Umbraco.Web\packages\UmbracoCms.7.12.1\UmbracoFiles\Umbraco\Views\propertyeditors\radiobuttons\
	                   1	C:\Projects\Diversify.Umbraco.Web\packages\UmbracoCms.7.12.1\UmbracoFiles\Umbraco\Views\propertyeditors\readonlyvalue\
	                   1	C:\Projects\Diversify.Umbraco.Web\packages\UmbracoCms.7.12.1\UmbracoFiles\Umbraco\Views\propertyeditors\relatedlinks\
	                   2	C:\Projects\Diversify.Umbraco.Web\packages\UmbracoCms.7.12.1\UmbracoFiles\Umbraco\Views\propertyeditors\rte\
	                   1	C:\Projects\Diversify.Umbraco.Web\packages\UmbracoCms.7.12.1\UmbracoFiles\Umbraco\Views\propertyeditors\sensitivevalue\
	                   4	C:\Projects\Diversify.Umbraco.Web\packages\UmbracoCms.7.12.1\UmbracoFiles\Umbraco\Views\propertyeditors\slider\
	                   2	C:\Projects\Diversify.Umbraco.Web\packages\UmbracoCms.7.12.1\UmbracoFiles\Umbraco\Views\propertyeditors\tags\
	                   1	C:\Projects\Diversify.Umbraco.Web\packages\UmbracoCms.7.12.1\UmbracoFiles\Umbraco\Views\propertyeditors\templatepicker\
	                   1	C:\Projects\Diversify.Umbraco.Web\packages\UmbracoCms.7.12.1\UmbracoFiles\Umbraco\Views\propertyeditors\test\
	                   1	C:\Projects\Diversify.Umbraco.Web\packages\UmbracoCms.7.12.1\UmbracoFiles\Umbraco\Views\propertyeditors\textarea\
	                   1	C:\Projects\Diversify.Umbraco.Web\packages\UmbracoCms.7.12.1\UmbracoFiles\Umbraco\Views\propertyeditors\textbox\
	                   1	C:\Projects\Diversify.Umbraco.Web\packages\UmbracoCms.7.12.1\UmbracoFiles\Umbraco\Views\propertyeditors\ultrasimple\
	                   1	C:\Projects\Diversify.Umbraco.Web\packages\UmbracoCms.7.12.1\UmbracoFiles\Umbraco\Views\propertyeditors\urllist\
	                   1	C:\Projects\Diversify.Umbraco.Web\packages\UmbracoCms.7.12.1\UmbracoFiles\Umbraco\Views\propertyeditors\validationtest\
	                   3	C:\Projects\Diversify.Umbraco.Web\packages\UmbracoCms.7.12.1\UmbracoFiles\Umbraco\Views\scripts\
	                   2	C:\Projects\Diversify.Umbraco.Web\packages\UmbracoCms.7.12.1\UmbracoFiles\Umbraco\Views\templates\
	                   3	C:\Projects\Diversify.Umbraco.Web\packages\UmbracoCms.7.12.1\UmbracoFiles\Umbraco\Views\users\
	                   0	C:\Projects\Diversify.Umbraco.Web\packages\UmbracoCms.7.12.1\UmbracoFiles\Umbraco\Views\users\views\
	                   1	C:\Projects\Diversify.Umbraco.Web\packages\UmbracoCms.7.12.1\UmbracoFiles\Umbraco\Views\users\views\groups\
	                   1	C:\Projects\Diversify.Umbraco.Web\packages\UmbracoCms.7.12.1\UmbracoFiles\Umbraco\Views\users\views\user\
	                   1	C:\Projects\Diversify.Umbraco.Web\packages\UmbracoCms.7.12.1\UmbracoFiles\Umbraco\Views\users\views\users\
	                  14	C:\Projects\Diversify.Umbraco.Web\packages\UmbracoCms.7.12.1\UmbracoFiles\Umbraco\Webservices\
	                   5	C:\Projects\Diversify.Umbraco.Web\packages\UmbracoCms.7.12.1\UmbracoFiles\Umbraco\Xslt\
	    Older     		     594	Web.config  0%  100%  
	                  15	C:\Projects\Diversify.Umbraco.Web\packages\UmbracoCms.7.12.1\UmbracoFiles\Umbraco\Xslt\Templates\
	                  15	C:\Projects\Diversify.Umbraco.Web\packages\UmbracoCms.7.12.1\UmbracoFiles\Umbraco\Xslt\Templates\Schema2\

------------------------------------------------------------------------------

               Total    Copied   Skipped  Mismatch    FAILED    Extras
    Dirs :       322         0       322         0         0         0
   Files :      1403         5      1398         0         0         0
   Bytes :   20.79 m    14.4 k   20.77 m         0         0         0
   Times :   0:00:14   0:00:00                       0:00:00   0:00:14


   Speed :               37544 Bytes/sec.
   Speed :               2.148 MegaBytes/min.
   Ended : Tuesday, 28 August 2018 4:57:42 PM

